os              : Linux-6.5.0-41-generic-x86_64-with-glibc2.35
python          : 3.10.12
tsai            : 0.3.9
fastai          : 2.7.15
fastcore        : 1.5.33
optuna          : 3.6.1
torch           : 2.2.2+cu121
device          : cpu
cpu cores       : 128
threads per cpu : 1
RAM             : 1007.57 GB
GPU memory      : N/A
Linux-6.5.0-41-generic-x86_64-with-glibc2.35
Namespace(config='search_configs/config_rf.json', njobs=-1)
n_jobs: -1 
config: search_configs/config_rf.json
['0_val.csv', '0_train.csv', '1_val.csv', '1_train.csv', '2_train.csv', '2_val.csv', '3_val.csv', '3_train.csv', '4_val.csv', '4_train.csv', '5_train.csv', '5_val.csv', '6_val.csv', '6_train.csv', '7_val.csv', '7_train.csv', '8_val.csv', '8_train.csv', '9_train.csv', '9_val.csv', '10_train.csv', '10_val.csv', '11_train.csv', '11_val.csv', '12_train.csv', '12_val.csv', '13_train.csv', '13_val.csv', '14_val.csv', '14_train.csv', '15_train.csv', '15_val.csv', '16_train.csv', '17_train.csv', '18_train.csv', '19_train.csv', '20_train.csv', '21_train.csv', '22_train.csv', '23_train.csv', '24_train.csv', '25_train.csv', '26_train.csv', '27_train.csv', '28_train.csv', '29_train.csv', '30_train.csv', '31_train.csv', '32_train.csv', '33_train.csv', '34_train.csv', '35_train.csv', '36_train.csv', '37_train.csv', '38_train.csv', '39_train.csv', '40_train.csv', '41_train.csv', '42_train.csv', '43_train.csv', '44_train.csv', '45_train.csv', '46_train.csv', '47_train.csv', '48_train.csv', '49_train.csv', '50_train.csv', '51_train.csv', '52_train.csv', '53_train.csv', '54_train.csv']

fold_info {1: ['10_train', '24_train', '38_train', '51_train', '11_train', '25_train', '39_train', '52_train', '0_train', '14_train', '28_train', '1_train', '12_train', '15_train', '26_train', '29_train', '40_train', '42_train', '53_train'], 2: ['2_train', '16_train', '30_train', '43_train', '3_train', '17_train', '31_train', '44_train', '4_train', '18_train', '32_train', '45_train', '5_train', '19_train', '33_train', '46_train', '6_train', '13_train', '20_train', '27_train'], 3: ['34_train', '41_train', '47_train', '54_train', '7_train', '21_train', '35_train', '48_train', '8_train', '22_train', '36_train', '49_train', '9_train', '23_train', '37_train', '50_train'], 4: ['0_val', '1_val', '2_val', '3_val', '4_val', '5_val', '6_val', '7_val', '8_val', '9_val', '10_val', '11_val', '12_val', '13_val', '14_val', '15_val']}


Number of sessions (data) parsed: 71 0
Number of sessions (labels) parsed: 71 0
Error excluding column with name person_id_openpose
Error excluding test column with name person_id_openpose
Error excluding column with name week_id_openpose
Error excluding test column with name week_id_openpose
Error excluding column with name robot_group_openpose
Error excluding test column with name robot_group_openpose
Error excluding test column with name timestamp_openface
Error excluding column with name robot_group_openpose
Error excluding test column with name robot_group_openpose
Error excluding test column with name end_opensmile
Error excluding test column with name start_opensmile
Error excluding test column with name vel_1_x_openpose
Error excluding test column with name vel_1_y_openpose
Error excluding test column with name vel_8_x_openpose
Error excluding test column with name vel_8_y_openpose
Error excluding test column with name dist_1_8_openpose
Error excluding test column with name vel_dist_1_8_openpose
Error excluding test column with name dist_7_0_openpose
Error excluding test column with name dist_4_0_openpose
Error excluding test column with name vel_7_x_openpose
Error excluding test column with name vel_7_y_openpose
Error excluding test column with name vel_4_x_openpose
Error excluding test column with name vel_4_y_openpose
Error excluding test column with name vel_dist_7_0_openpose
Error excluding test column with name vel_dist_4_0_openpose
Error excluding test column with name Unnamed: 0_opensmile
Error excluding column with name index
Error excluding test column with name index

Configuration loaded successfully.
task: 2
model_type: RandomForest
n_trials: 200
data_params: {'interval_length': {'low': 700, 'high': 2500, 'step': 100}, 'stride_train': {'low': 100, 'high': 500, 'step': 50}, 'stride_eval': {'low': 100, 'high': 500, 'step': 50}, 'fps': [10, 20, 50, 100], 'nan_handling': ['standard', 'zeros'], 'label_creation': ['stride_eval'], 'columns_to_remove': ['openpose', 'c_openface', 'openpose, c_openface', 'vel_dist', 'vel_dist, c_openface'], 'summary': ['mean'], 'oversampling_rate': {'low': 0.0, 'high': 0.4, 'step': 0.1}, 'undersampling_rate': {'low': 0.0, 'high': 0.4, 'step': 0.1}, 'rescaling': ['none', 'standardization', 'normalization'], 'start_padding': [True]}
model_params: {'n_estimators': {'low': 80, 'high': 200, 'step': 20}, 'max_depth': {'low': 20, 'high': 80, 'step': 10}, 'random_state': {'low': 0, 'high': 10, 'step': 1}, 'criterion': ['gini', 'entropy'], 'max_features': ['sqrt', 'log2', None]}
Learning curve run started with stepsize 3 and 4 iterations per sample size.

Configuration loaded successfully.
task: 2
model_type: MiniRocket
data_params: {'interval_length': 1950, 'stride_train': 500, 'stride_eval': 200, 'fps': 25, 'columns_to_remove': 'openpose, c_openface', 'label_creation': 'stride_eval', 'nan_handling': 'standard', 'oversampling_rate': 0.0, 'undersampling_rate': 0.0, 'rescaling': 'normalization', 'start_padding': True}
model_params: {'n_estimators': 2, 'max_dilations_per_kernel': 64, 'class_weight': None, 'random_state': 42}
stats: {'accuracy': 0.8325059033964326, 'macro f1': 0.7520195127754159}
Original sessions: ['0_val' '0_train' '1_val' '1_train' '2_train' '2_val' '3_val' '3_train'
 '4_val' '4_train' '5_train' '5_val' '6_val' '6_train' '7_val' '7_train'
 '8_val' '8_train' '9_train' '9_val' '10_train' '10_val' '11_train'
 '11_val' '12_train' '12_val' '13_train' '13_val' '14_val' '14_train'
 '15_train' '15_val' '16_train' '17_train' '18_train' '19_train'
 '20_train' '21_train' '22_train' '23_train' '24_train' '25_train'
 '26_train' '27_train' '28_train' '29_train' '30_train' '31_train'
 '32_train' '33_train' '34_train' '35_train' '36_train' '37_train'
 '38_train' '39_train' '40_train' '41_train' '42_train' '43_train'
 '44_train' '45_train' '46_train' '47_train' '48_train' '49_train'
 '50_train' '51_train' '52_train' '53_train' '54_train']
Sessions kept: ['0_train', '1_train', '2_train', '3_train', '4_train', '5_train', '6_train', '7_train', '8_train', '9_train', '10_train', '11_train', '12_train', '13_train', '14_train', '15_train', '16_train', '17_train', '18_train', '19_train', '20_train', '21_train', '22_train', '23_train', '24_train', '25_train', '26_train', '27_train', '28_train', '29_train', '30_train', '31_train', '32_train', '33_train', '34_train', '35_train', '36_train', '37_train', '38_train', '39_train', '40_train', '41_train', '42_train', '43_train', '44_train', '45_train', '46_train', '47_train', '48_train', '49_train', '50_train', '51_train', '52_train', '53_train', '54_train']
Training on 55 sessions...
Train X shape (5047, 46, 487)
Val X shape (238, 46, 487)
Session IDs Val: ['0_val' '1_val' '2_val' '3_val' '4_val' '5_val' '6_val' '7_val' '8_val'
 '9_val' '10_val' '11_val' '12_val' '13_val' '14_val' '15_val']
Final preds length 793066 793066
Train X shape (5047, 46, 487)
Val X shape (238, 46, 487)
Session IDs Val: ['0_val' '1_val' '2_val' '3_val' '4_val' '5_val' '6_val' '7_val' '8_val'
 '9_val' '10_val' '11_val' '12_val' '13_val' '14_val' '15_val']
Final preds length 793066 793066
Train X shape (5047, 46, 487)
Val X shape (238, 46, 487)
Session IDs Val: ['0_val' '1_val' '2_val' '3_val' '4_val' '5_val' '6_val' '7_val' '8_val'
 '9_val' '10_val' '11_val' '12_val' '13_val' '14_val' '15_val']
Final preds length 793066 793066
Train X shape (5047, 46, 487)
Val X shape (238, 46, 487)
Session IDs Val: ['0_val' '1_val' '2_val' '3_val' '4_val' '5_val' '6_val' '7_val' '8_val'
 '9_val' '10_val' '11_val' '12_val' '13_val' '14_val' '15_val']
Final preds length 793066 793066
	 [[0.8497060774260906, 0.8495018069114046, 0.8450179430211356, 0.8472825716901241]]
Original sessions: ['0_val' '0_train' '1_val' '1_train' '2_train' '2_val' '3_val' '3_train'
 '4_val' '4_train' '5_train' '5_val' '6_val' '6_train' '7_val' '7_train'
 '8_val' '8_train' '9_train' '9_val' '10_train' '10_val' '11_train'
 '11_val' '12_train' '12_val' '13_train' '13_val' '14_val' '14_train'
 '15_train' '15_val' '16_train' '17_train' '18_train' '19_train'
 '20_train' '21_train' '22_train' '23_train' '24_train' '25_train'
 '26_train' '27_train' '28_train' '29_train' '30_train' '31_train'
 '32_train' '33_train' '34_train' '35_train' '36_train' '37_train'
 '38_train' '39_train' '40_train' '41_train' '42_train' '43_train'
 '44_train' '45_train' '46_train' '47_train' '48_train' '49_train'
 '50_train' '51_train' '52_train' '53_train' '54_train']
Sessions kept: ['0_train', '1_train', '2_train', '3_train', '4_train', '5_train', '6_train', '7_train', '8_train', '9_train', '10_train', '11_train', '12_train', '13_train', '14_train', '15_train', '16_train', '17_train', '18_train', '19_train', '20_train', '21_train', '22_train', '23_train', '24_train', '25_train', '26_train', '27_train', '28_train', '29_train', '30_train', '31_train', '32_train', '33_train', '34_train', '35_train', '36_train', '37_train', '38_train', '39_train', '40_train', '41_train', '42_train', '43_train', '44_train', '45_train', '46_train', '47_train', '48_train', '49_train', '50_train', '51_train']
Training on 52 sessions...
Train X shape (4750, 46, 487)
Val X shape (238, 46, 487)
Session IDs Val: ['0_val' '1_val' '2_val' '3_val' '4_val' '5_val' '6_val' '7_val' '8_val'
 '9_val' '10_val' '11_val' '12_val' '13_val' '14_val' '15_val']
Final preds length 793066 793066
Train X shape (4750, 46, 487)
Val X shape (238, 46, 487)
Session IDs Val: ['0_val' '1_val' '2_val' '3_val' '4_val' '5_val' '6_val' '7_val' '8_val'
 '9_val' '10_val' '11_val' '12_val' '13_val' '14_val' '15_val']
Final preds length 793066 793066
Train X shape (4750, 46, 487)
Val X shape (238, 46, 487)
Session IDs Val: ['0_val' '1_val' '2_val' '3_val' '4_val' '5_val' '6_val' '7_val' '8_val'
 '9_val' '10_val' '11_val' '12_val' '13_val' '14_val' '15_val']
Final preds length 793066 793066
Train X shape (4750, 46, 487)
Val X shape (238, 46, 487)
Session IDs Val: ['0_val' '1_val' '2_val' '3_val' '4_val' '5_val' '6_val' '7_val' '8_val'
 '9_val' '10_val' '11_val' '12_val' '13_val' '14_val' '15_val']
Final preds length 793066 793066
	 [[0.8497060774260906, 0.8495018069114046, 0.8450179430211356, 0.8472825716901241], [0.8459661617065919, 0.84680594048919, 0.8479962575624223, 0.8468992492428121]]
Original sessions: ['0_val' '0_train' '1_val' '1_train' '2_train' '2_val' '3_val' '3_train'
 '4_val' '4_train' '5_train' '5_val' '6_val' '6_train' '7_val' '7_train'
 '8_val' '8_train' '9_train' '9_val' '10_train' '10_val' '11_train'
 '11_val' '12_train' '12_val' '13_train' '13_val' '14_val' '14_train'
 '15_train' '15_val' '16_train' '17_train' '18_train' '19_train'
 '20_train' '21_train' '22_train' '23_train' '24_train' '25_train'
 '26_train' '27_train' '28_train' '29_train' '30_train' '31_train'
 '32_train' '33_train' '34_train' '35_train' '36_train' '37_train'
 '38_train' '39_train' '40_train' '41_train' '42_train' '43_train'
 '44_train' '45_train' '46_train' '47_train' '48_train' '49_train'
 '50_train' '51_train']
Sessions kept: ['0_train', '1_train', '2_train', '3_train', '4_train', '5_train', '6_train', '7_train', '8_train', '9_train', '10_train', '11_train', '12_train', '13_train', '14_train', '15_train', '16_train', '17_train', '18_train', '19_train', '20_train', '21_train', '22_train', '23_train', '24_train', '25_train', '26_train', '27_train', '28_train', '29_train', '30_train', '31_train', '32_train', '33_train', '34_train', '35_train', '36_train', '37_train', '38_train', '39_train', '40_train', '41_train', '42_train', '43_train', '44_train', '45_train', '46_train', '47_train', '48_train']
Training on 49 sessions...
Train X shape (4389, 46, 487)
Val X shape (238, 46, 487)
Session IDs Val: ['0_val' '1_val' '2_val' '3_val' '4_val' '5_val' '6_val' '7_val' '8_val'
 '9_val' '10_val' '11_val' '12_val' '13_val' '14_val' '15_val']
Final preds length 793066 793066
Train X shape (4389, 46, 487)
Val X shape (238, 46, 487)
Session IDs Val: ['0_val' '1_val' '2_val' '3_val' '4_val' '5_val' '6_val' '7_val' '8_val'
 '9_val' '10_val' '11_val' '12_val' '13_val' '14_val' '15_val']
Final preds length 793066 793066
Train X shape (4389, 46, 487)
Val X shape (238, 46, 487)
Session IDs Val: ['0_val' '1_val' '2_val' '3_val' '4_val' '5_val' '6_val' '7_val' '8_val'
 '9_val' '10_val' '11_val' '12_val' '13_val' '14_val' '15_val']
Final preds length 793066 793066
Train X shape (4389, 46, 487)
Val X shape (238, 46, 487)
Session IDs Val: ['0_val' '1_val' '2_val' '3_val' '4_val' '5_val' '6_val' '7_val' '8_val'
 '9_val' '10_val' '11_val' '12_val' '13_val' '14_val' '15_val']
Final preds length 793066 793066
	 [[0.8497060774260906, 0.8495018069114046, 0.8450179430211356, 0.8472825716901241], [0.8459661617065919, 0.84680594048919, 0.8479962575624223, 0.8468992492428121], [0.8469547301233441, 0.8458249376470559, 0.8504928971863628, 0.8443824347532236]]
Original sessions: ['0_val' '0_train' '1_val' '1_train' '2_train' '2_val' '3_val' '3_train'
 '4_val' '4_train' '5_train' '5_val' '6_val' '6_train' '7_val' '7_train'
 '8_val' '8_train' '9_train' '9_val' '10_train' '10_val' '11_train'
 '11_val' '12_train' '12_val' '13_train' '13_val' '14_val' '14_train'
 '15_train' '15_val' '16_train' '17_train' '18_train' '19_train'
 '20_train' '21_train' '22_train' '23_train' '24_train' '25_train'
 '26_train' '27_train' '28_train' '29_train' '30_train' '31_train'
 '32_train' '33_train' '34_train' '35_train' '36_train' '37_train'
 '38_train' '39_train' '40_train' '41_train' '42_train' '43_train'
 '44_train' '45_train' '46_train' '47_train' '48_train']
Sessions kept: ['0_train', '1_train', '2_train', '3_train', '4_train', '5_train', '6_train', '7_train', '8_train', '9_train', '10_train', '11_train', '12_train', '13_train', '14_train', '15_train', '16_train', '17_train', '18_train', '19_train', '20_train', '21_train', '22_train', '23_train', '24_train', '25_train', '26_train', '27_train', '28_train', '29_train', '30_train', '31_train', '32_train', '33_train', '34_train', '35_train', '36_train', '37_train', '38_train', '39_train', '40_train', '41_train', '42_train', '43_train', '44_train', '45_train']
Training on 46 sessions...
Train X shape (4116, 46, 487)
Val X shape (238, 46, 487)
Session IDs Val: ['0_val' '1_val' '2_val' '3_val' '4_val' '5_val' '6_val' '7_val' '8_val'
 '9_val' '10_val' '11_val' '12_val' '13_val' '14_val' '15_val']
Final preds length 793066 793066
Train X shape (4116, 46, 487)
Val X shape (238, 46, 487)
Session IDs Val: ['0_val' '1_val' '2_val' '3_val' '4_val' '5_val' '6_val' '7_val' '8_val'
 '9_val' '10_val' '11_val' '12_val' '13_val' '14_val' '15_val']
Final preds length 793066 793066
Train X shape (4116, 46, 487)
Val X shape (238, 46, 487)
Session IDs Val: ['0_val' '1_val' '2_val' '3_val' '4_val' '5_val' '6_val' '7_val' '8_val'
 '9_val' '10_val' '11_val' '12_val' '13_val' '14_val' '15_val']
Final preds length 793066 793066
Train X shape (4116, 46, 487)
Val X shape (238, 46, 487)
Session IDs Val: ['0_val' '1_val' '2_val' '3_val' '4_val' '5_val' '6_val' '7_val' '8_val'
 '9_val' '10_val' '11_val' '12_val' '13_val' '14_val' '15_val']
Final preds length 793066 793066
	 [[0.8497060774260906, 0.8495018069114046, 0.8450179430211356, 0.8472825716901241], [0.8459661617065919, 0.84680594048919, 0.8479962575624223, 0.8468992492428121], [0.8469547301233441, 0.8458249376470559, 0.8504928971863628, 0.8443824347532236], [0.8483947111589704, 0.8478928613759763, 0.8438074510822554, 0.8441176396415935]]
Original sessions: ['0_val' '0_train' '1_val' '1_train' '2_train' '2_val' '3_val' '3_train'
 '4_val' '4_train' '5_train' '5_val' '6_val' '6_train' '7_val' '7_train'
 '8_val' '8_train' '9_train' '9_val' '10_train' '10_val' '11_train'
 '11_val' '12_train' '12_val' '13_train' '13_val' '14_val' '14_train'
 '15_train' '15_val' '16_train' '17_train' '18_train' '19_train'
 '20_train' '21_train' '22_train' '23_train' '24_train' '25_train'
 '26_train' '27_train' '28_train' '29_train' '30_train' '31_train'
 '32_train' '33_train' '34_train' '35_train' '36_train' '37_train'
 '38_train' '39_train' '40_train' '41_train' '42_train' '43_train'
 '44_train' '45_train']
Sessions kept: ['0_train', '1_train', '2_train', '3_train', '4_train', '5_train', '6_train', '7_train', '8_train', '9_train', '10_train', '11_train', '12_train', '13_train', '14_train', '15_train', '16_train', '17_train', '18_train', '19_train', '20_train', '21_train', '22_train', '23_train', '24_train', '25_train', '26_train', '27_train', '28_train', '29_train', '30_train', '31_train', '32_train', '33_train', '34_train', '35_train', '36_train', '37_train', '38_train', '39_train', '40_train', '41_train', '42_train']
Training on 43 sessions...
Train X shape (3799, 46, 487)
Val X shape (238, 46, 487)
Session IDs Val: ['0_val' '1_val' '2_val' '3_val' '4_val' '5_val' '6_val' '7_val' '8_val'
 '9_val' '10_val' '11_val' '12_val' '13_val' '14_val' '15_val']
Final preds length 793066 793066
Train X shape (3799, 46, 487)
Val X shape (238, 46, 487)
Session IDs Val: ['0_val' '1_val' '2_val' '3_val' '4_val' '5_val' '6_val' '7_val' '8_val'
 '9_val' '10_val' '11_val' '12_val' '13_val' '14_val' '15_val']
Final preds length 793066 793066
Train X shape (3799, 46, 487)
Val X shape (238, 46, 487)
Session IDs Val: ['0_val' '1_val' '2_val' '3_val' '4_val' '5_val' '6_val' '7_val' '8_val'
 '9_val' '10_val' '11_val' '12_val' '13_val' '14_val' '15_val']
Final preds length 793066 793066
Train X shape (3799, 46, 487)
Val X shape (238, 46, 487)
Session IDs Val: ['0_val' '1_val' '2_val' '3_val' '4_val' '5_val' '6_val' '7_val' '8_val'
 '9_val' '10_val' '11_val' '12_val' '13_val' '14_val' '15_val']
Final preds length 793066 793066
	 [[0.8497060774260906, 0.8495018069114046, 0.8450179430211356, 0.8472825716901241], [0.8459661617065919, 0.84680594048919, 0.8479962575624223, 0.8468992492428121], [0.8469547301233441, 0.8458249376470559, 0.8504928971863628, 0.8443824347532236], [0.8483947111589704, 0.8478928613759763, 0.8438074510822554, 0.8441176396415935], [0.8430206313219832, 0.8446774921633257, 0.8454693556400098, 0.846291481415166]]
Original sessions: ['0_val' '0_train' '1_val' '1_train' '2_train' '2_val' '3_val' '3_train'
 '4_val' '4_train' '5_train' '5_val' '6_val' '6_train' '7_val' '7_train'
 '8_val' '8_train' '9_train' '9_val' '10_train' '10_val' '11_train'
 '11_val' '12_train' '12_val' '13_train' '13_val' '14_val' '14_train'
 '15_train' '15_val' '16_train' '17_train' '18_train' '19_train'
 '20_train' '21_train' '22_train' '23_train' '24_train' '25_train'
 '26_train' '27_train' '28_train' '29_train' '30_train' '31_train'
 '32_train' '33_train' '34_train' '35_train' '36_train' '37_train'
 '38_train' '39_train' '40_train' '41_train' '42_train']
Sessions kept: ['0_train', '1_train', '2_train', '3_train', '4_train', '5_train', '6_train', '7_train', '8_train', '9_train', '10_train', '11_train', '12_train', '13_train', '14_train', '15_train', '16_train', '17_train', '18_train', '19_train', '20_train', '21_train', '22_train', '23_train', '24_train', '25_train', '26_train', '27_train', '28_train', '29_train', '30_train', '31_train', '32_train', '33_train', '34_train', '35_train', '36_train', '37_train', '38_train', '39_train']
Training on 40 sessions...
Train X shape (3579, 46, 487)
Val X shape (238, 46, 487)
Session IDs Val: ['0_val' '1_val' '2_val' '3_val' '4_val' '5_val' '6_val' '7_val' '8_val'
 '9_val' '10_val' '11_val' '12_val' '13_val' '14_val' '15_val']
Final preds length 793066 793066
Train X shape (3579, 46, 487)
Val X shape (238, 46, 487)
Session IDs Val: ['0_val' '1_val' '2_val' '3_val' '4_val' '5_val' '6_val' '7_val' '8_val'
 '9_val' '10_val' '11_val' '12_val' '13_val' '14_val' '15_val']
Final preds length 793066 793066
Train X shape (3579, 46, 487)
Val X shape (238, 46, 487)
Session IDs Val: ['0_val' '1_val' '2_val' '3_val' '4_val' '5_val' '6_val' '7_val' '8_val'
 '9_val' '10_val' '11_val' '12_val' '13_val' '14_val' '15_val']
Final preds length 793066 793066
Train X shape (3579, 46, 487)
Val X shape (238, 46, 487)
Session IDs Val: ['0_val' '1_val' '2_val' '3_val' '4_val' '5_val' '6_val' '7_val' '8_val'
 '9_val' '10_val' '11_val' '12_val' '13_val' '14_val' '15_val']
Final preds length 793066 793066
	 [[0.8497060774260906, 0.8495018069114046, 0.8450179430211356, 0.8472825716901241], [0.8459661617065919, 0.84680594048919, 0.8479962575624223, 0.8468992492428121], [0.8469547301233441, 0.8458249376470559, 0.8504928971863628, 0.8443824347532236], [0.8483947111589704, 0.8478928613759763, 0.8438074510822554, 0.8441176396415935], [0.8430206313219832, 0.8446774921633257, 0.8454693556400098, 0.846291481415166], [0.8423800793376591, 0.8493479735608386, 0.8459535524155619, 0.8505836840817789]]
Original sessions: ['0_val' '0_train' '1_val' '1_train' '2_train' '2_val' '3_val' '3_train'
 '4_val' '4_train' '5_train' '5_val' '6_val' '6_train' '7_val' '7_train'
 '8_val' '8_train' '9_train' '9_val' '10_train' '10_val' '11_train'
 '11_val' '12_train' '12_val' '13_train' '13_val' '14_val' '14_train'
 '15_train' '15_val' '16_train' '17_train' '18_train' '19_train'
 '20_train' '21_train' '22_train' '23_train' '24_train' '25_train'
 '26_train' '27_train' '28_train' '29_train' '30_train' '31_train'
 '32_train' '33_train' '34_train' '35_train' '36_train' '37_train'
 '38_train' '39_train']
Sessions kept: ['0_train', '1_train', '2_train', '3_train', '4_train', '5_train', '6_train', '7_train', '8_train', '9_train', '10_train', '11_train', '12_train', '13_train', '14_train', '15_train', '16_train', '17_train', '18_train', '19_train', '20_train', '21_train', '22_train', '23_train', '24_train', '25_train', '26_train', '27_train', '28_train', '29_train', '30_train', '31_train', '32_train', '33_train', '34_train', '35_train', '36_train']
Training on 37 sessions...
Train X shape (3348, 46, 487)
Val X shape (238, 46, 487)
Session IDs Val: ['0_val' '1_val' '2_val' '3_val' '4_val' '5_val' '6_val' '7_val' '8_val'
 '9_val' '10_val' '11_val' '12_val' '13_val' '14_val' '15_val']
Final preds length 793066 793066
Train X shape (3348, 46, 487)
Val X shape (238, 46, 487)
Session IDs Val: ['0_val' '1_val' '2_val' '3_val' '4_val' '5_val' '6_val' '7_val' '8_val'
 '9_val' '10_val' '11_val' '12_val' '13_val' '14_val' '15_val']
Final preds length 793066 793066
Train X shape (3348, 46, 487)
Val X shape (238, 46, 487)
Session IDs Val: ['0_val' '1_val' '2_val' '3_val' '4_val' '5_val' '6_val' '7_val' '8_val'
 '9_val' '10_val' '11_val' '12_val' '13_val' '14_val' '15_val']
Final preds length 793066 793066
Train X shape (3348, 46, 487)
Val X shape (238, 46, 487)
Session IDs Val: ['0_val' '1_val' '2_val' '3_val' '4_val' '5_val' '6_val' '7_val' '8_val'
 '9_val' '10_val' '11_val' '12_val' '13_val' '14_val' '15_val']
Final preds length 793066 793066
	 [[0.8497060774260906, 0.8495018069114046, 0.8450179430211356, 0.8472825716901241], [0.8459661617065919, 0.84680594048919, 0.8479962575624223, 0.8468992492428121], [0.8469547301233441, 0.8458249376470559, 0.8504928971863628, 0.8443824347532236], [0.8483947111589704, 0.8478928613759763, 0.8438074510822554, 0.8441176396415935], [0.8430206313219832, 0.8446774921633257, 0.8454693556400098, 0.846291481415166], [0.8423800793376591, 0.8493479735608386, 0.8459535524155619, 0.8505836840817789], [0.8421405028080892, 0.8478222493462083, 0.8476406755553763, 0.8435199592467714]]
Original sessions: ['0_val' '0_train' '1_val' '1_train' '2_train' '2_val' '3_val' '3_train'
 '4_val' '4_train' '5_train' '5_val' '6_val' '6_train' '7_val' '7_train'
 '8_val' '8_train' '9_train' '9_val' '10_train' '10_val' '11_train'
 '11_val' '12_train' '12_val' '13_train' '13_val' '14_val' '14_train'
 '15_train' '15_val' '16_train' '17_train' '18_train' '19_train'
 '20_train' '21_train' '22_train' '23_train' '24_train' '25_train'
 '26_train' '27_train' '28_train' '29_train' '30_train' '31_train'
 '32_train' '33_train' '34_train' '35_train' '36_train']
Sessions kept: ['0_train', '1_train', '2_train', '3_train', '4_train', '5_train', '6_train', '7_train', '8_train', '9_train', '10_train', '11_train', '12_train', '13_train', '14_train', '15_train', '16_train', '17_train', '18_train', '19_train', '20_train', '21_train', '22_train', '23_train', '24_train', '25_train', '26_train', '27_train', '28_train', '29_train', '30_train', '31_train', '32_train', '33_train']
Training on 34 sessions...
Train X shape (3074, 46, 487)
Val X shape (238, 46, 487)
Session IDs Val: ['0_val' '1_val' '2_val' '3_val' '4_val' '5_val' '6_val' '7_val' '8_val'
 '9_val' '10_val' '11_val' '12_val' '13_val' '14_val' '15_val']
Final preds length 793066 793066
Train X shape (3074, 46, 487)
Val X shape (238, 46, 487)
Session IDs Val: ['0_val' '1_val' '2_val' '3_val' '4_val' '5_val' '6_val' '7_val' '8_val'
 '9_val' '10_val' '11_val' '12_val' '13_val' '14_val' '15_val']
Final preds length 793066 793066
Train X shape (3074, 46, 487)
Val X shape (238, 46, 487)
Session IDs Val: ['0_val' '1_val' '2_val' '3_val' '4_val' '5_val' '6_val' '7_val' '8_val'
 '9_val' '10_val' '11_val' '12_val' '13_val' '14_val' '15_val']
Final preds length 793066 793066
Train X shape (3074, 46, 487)
Val X shape (238, 46, 487)
Session IDs Val: ['0_val' '1_val' '2_val' '3_val' '4_val' '5_val' '6_val' '7_val' '8_val'
 '9_val' '10_val' '11_val' '12_val' '13_val' '14_val' '15_val']
Final preds length 793066 793066
	 [[0.8497060774260906, 0.8495018069114046, 0.8450179430211356, 0.8472825716901241], [0.8459661617065919, 0.84680594048919, 0.8479962575624223, 0.8468992492428121], [0.8469547301233441, 0.8458249376470559, 0.8504928971863628, 0.8443824347532236], [0.8483947111589704, 0.8478928613759763, 0.8438074510822554, 0.8441176396415935], [0.8430206313219832, 0.8446774921633257, 0.8454693556400098, 0.846291481415166], [0.8423800793376591, 0.8493479735608386, 0.8459535524155619, 0.8505836840817789], [0.8421405028080892, 0.8478222493462083, 0.8476406755553763, 0.8435199592467714], [0.8384283275288563, 0.8480038231370403, 0.8472876154065362, 0.8507097769920788]]
Original sessions: ['0_val' '0_train' '1_val' '1_train' '2_train' '2_val' '3_val' '3_train'
 '4_val' '4_train' '5_train' '5_val' '6_val' '6_train' '7_val' '7_train'
 '8_val' '8_train' '9_train' '9_val' '10_train' '10_val' '11_train'
 '11_val' '12_train' '12_val' '13_train' '13_val' '14_val' '14_train'
 '15_train' '15_val' '16_train' '17_train' '18_train' '19_train'
 '20_train' '21_train' '22_train' '23_train' '24_train' '25_train'
 '26_train' '27_train' '28_train' '29_train' '30_train' '31_train'
 '32_train' '33_train']
Sessions kept: ['0_train', '1_train', '2_train', '3_train', '4_train', '5_train', '6_train', '7_train', '8_train', '9_train', '10_train', '11_train', '12_train', '13_train', '14_train', '15_train', '16_train', '17_train', '18_train', '19_train', '20_train', '21_train', '22_train', '23_train', '24_train', '25_train', '26_train', '27_train', '28_train', '29_train', '30_train']
Training on 31 sessions...
Train X shape (2795, 46, 487)
Val X shape (238, 46, 487)
Session IDs Val: ['0_val' '1_val' '2_val' '3_val' '4_val' '5_val' '6_val' '7_val' '8_val'
 '9_val' '10_val' '11_val' '12_val' '13_val' '14_val' '15_val']
Final preds length 793066 793066
Train X shape (2795, 46, 487)
Val X shape (238, 46, 487)
Session IDs Val: ['0_val' '1_val' '2_val' '3_val' '4_val' '5_val' '6_val' '7_val' '8_val'
 '9_val' '10_val' '11_val' '12_val' '13_val' '14_val' '15_val']
Final preds length 793066 793066
Train X shape (2795, 46, 487)
Val X shape (238, 46, 487)
Session IDs Val: ['0_val' '1_val' '2_val' '3_val' '4_val' '5_val' '6_val' '7_val' '8_val'
 '9_val' '10_val' '11_val' '12_val' '13_val' '14_val' '15_val']
Final preds length 793066 793066
Train X shape (2795, 46, 487)
Val X shape (238, 46, 487)
Session IDs Val: ['0_val' '1_val' '2_val' '3_val' '4_val' '5_val' '6_val' '7_val' '8_val'
 '9_val' '10_val' '11_val' '12_val' '13_val' '14_val' '15_val']
Final preds length 793066 793066
	 [[0.8497060774260906, 0.8495018069114046, 0.8450179430211356, 0.8472825716901241], [0.8459661617065919, 0.84680594048919, 0.8479962575624223, 0.8468992492428121], [0.8469547301233441, 0.8458249376470559, 0.8504928971863628, 0.8443824347532236], [0.8483947111589704, 0.8478928613759763, 0.8438074510822554, 0.8441176396415935], [0.8430206313219832, 0.8446774921633257, 0.8454693556400098, 0.846291481415166], [0.8423800793376591, 0.8493479735608386, 0.8459535524155619, 0.8505836840817789], [0.8421405028080892, 0.8478222493462083, 0.8476406755553763, 0.8435199592467714], [0.8384283275288563, 0.8480038231370403, 0.8472876154065362, 0.8507097769920788], [0.8405542539965148, 0.8425137378225772, 0.8474540580481322, 0.8478298149208262]]
Original sessions: ['0_val' '0_train' '1_val' '1_train' '2_train' '2_val' '3_val' '3_train'
 '4_val' '4_train' '5_train' '5_val' '6_val' '6_train' '7_val' '7_train'
 '8_val' '8_train' '9_train' '9_val' '10_train' '10_val' '11_train'
 '11_val' '12_train' '12_val' '13_train' '13_val' '14_val' '14_train'
 '15_train' '15_val' '16_train' '17_train' '18_train' '19_train'
 '20_train' '21_train' '22_train' '23_train' '24_train' '25_train'
 '26_train' '27_train' '28_train' '29_train' '30_train']
Sessions kept: ['0_train', '1_train', '2_train', '3_train', '4_train', '5_train', '6_train', '7_train', '8_train', '9_train', '10_train', '11_train', '12_train', '13_train', '14_train', '15_train', '16_train', '17_train', '18_train', '19_train', '20_train', '21_train', '22_train', '23_train', '24_train', '25_train', '26_train', '27_train']
Training on 28 sessions...
Train X shape (2518, 46, 487)
Val X shape (238, 46, 487)
Session IDs Val: ['0_val' '1_val' '2_val' '3_val' '4_val' '5_val' '6_val' '7_val' '8_val'
 '9_val' '10_val' '11_val' '12_val' '13_val' '14_val' '15_val']
Final preds length 793066 793066
Train X shape (2518, 46, 487)
Val X shape (238, 46, 487)
Session IDs Val: ['0_val' '1_val' '2_val' '3_val' '4_val' '5_val' '6_val' '7_val' '8_val'
 '9_val' '10_val' '11_val' '12_val' '13_val' '14_val' '15_val']
Final preds length 793066 793066
Train X shape (2518, 46, 487)
Val X shape (238, 46, 487)
Session IDs Val: ['0_val' '1_val' '2_val' '3_val' '4_val' '5_val' '6_val' '7_val' '8_val'
 '9_val' '10_val' '11_val' '12_val' '13_val' '14_val' '15_val']
Final preds length 793066 793066
Train X shape (2518, 46, 487)
Val X shape (238, 46, 487)
Session IDs Val: ['0_val' '1_val' '2_val' '3_val' '4_val' '5_val' '6_val' '7_val' '8_val'
 '9_val' '10_val' '11_val' '12_val' '13_val' '14_val' '15_val']
Final preds length 793066 793066
	 [[0.8497060774260906, 0.8495018069114046, 0.8450179430211356, 0.8472825716901241], [0.8459661617065919, 0.84680594048919, 0.8479962575624223, 0.8468992492428121], [0.8469547301233441, 0.8458249376470559, 0.8504928971863628, 0.8443824347532236], [0.8483947111589704, 0.8478928613759763, 0.8438074510822554, 0.8441176396415935], [0.8430206313219832, 0.8446774921633257, 0.8454693556400098, 0.846291481415166], [0.8423800793376591, 0.8493479735608386, 0.8459535524155619, 0.8505836840817789], [0.8421405028080892, 0.8478222493462083, 0.8476406755553763, 0.8435199592467714], [0.8384283275288563, 0.8480038231370403, 0.8472876154065362, 0.8507097769920788], [0.8405542539965148, 0.8425137378225772, 0.8474540580481322, 0.8478298149208262], [0.8496304216799107, 0.8444253063427256, 0.8483493177112623, 0.836758857396484]]
Original sessions: ['0_val' '0_train' '1_val' '1_train' '2_train' '2_val' '3_val' '3_train'
 '4_val' '4_train' '5_train' '5_val' '6_val' '6_train' '7_val' '7_train'
 '8_val' '8_train' '9_train' '9_val' '10_train' '10_val' '11_train'
 '11_val' '12_train' '12_val' '13_train' '13_val' '14_val' '14_train'
 '15_train' '15_val' '16_train' '17_train' '18_train' '19_train'
 '20_train' '21_train' '22_train' '23_train' '24_train' '25_train'
 '26_train' '27_train']
Sessions kept: ['0_train', '1_train', '2_train', '3_train', '4_train', '5_train', '6_train', '7_train', '8_train', '9_train', '10_train', '11_train', '12_train', '13_train', '14_train', '15_train', '16_train', '17_train', '18_train', '19_train', '20_train', '21_train', '22_train', '23_train', '24_train']
Training on 25 sessions...
Train X shape (2302, 46, 487)
Val X shape (238, 46, 487)
Session IDs Val: ['0_val' '1_val' '2_val' '3_val' '4_val' '5_val' '6_val' '7_val' '8_val'
 '9_val' '10_val' '11_val' '12_val' '13_val' '14_val' '15_val']
Final preds length 793066 793066
Train X shape (2302, 46, 487)
Val X shape (238, 46, 487)
Session IDs Val: ['0_val' '1_val' '2_val' '3_val' '4_val' '5_val' '6_val' '7_val' '8_val'
 '9_val' '10_val' '11_val' '12_val' '13_val' '14_val' '15_val']
Final preds length 793066 793066
Train X shape (2302, 46, 487)
Val X shape (238, 46, 487)
Session IDs Val: ['0_val' '1_val' '2_val' '3_val' '4_val' '5_val' '6_val' '7_val' '8_val'
 '9_val' '10_val' '11_val' '12_val' '13_val' '14_val' '15_val']
Final preds length 793066 793066
Train X shape (2302, 46, 487)
Val X shape (238, 46, 487)
Session IDs Val: ['0_val' '1_val' '2_val' '3_val' '4_val' '5_val' '6_val' '7_val' '8_val'
 '9_val' '10_val' '11_val' '12_val' '13_val' '14_val' '15_val']
Final preds length 793066 793066
	 [[0.8497060774260906, 0.8495018069114046, 0.8450179430211356, 0.8472825716901241], [0.8459661617065919, 0.84680594048919, 0.8479962575624223, 0.8468992492428121], [0.8469547301233441, 0.8458249376470559, 0.8504928971863628, 0.8443824347532236], [0.8483947111589704, 0.8478928613759763, 0.8438074510822554, 0.8441176396415935], [0.8430206313219832, 0.8446774921633257, 0.8454693556400098, 0.846291481415166], [0.8423800793376591, 0.8493479735608386, 0.8459535524155619, 0.8505836840817789], [0.8421405028080892, 0.8478222493462083, 0.8476406755553763, 0.8435199592467714], [0.8384283275288563, 0.8480038231370403, 0.8472876154065362, 0.8507097769920788], [0.8405542539965148, 0.8425137378225772, 0.8474540580481322, 0.8478298149208262], [0.8496304216799107, 0.8444253063427256, 0.8483493177112623, 0.836758857396484], [0.8330290291098092, 0.841890838845695, 0.8357652452633199, 0.8459989458632698]]
Original sessions: ['0_val' '0_train' '1_val' '1_train' '2_train' '2_val' '3_val' '3_train'
 '4_val' '4_train' '5_train' '5_val' '6_val' '6_train' '7_val' '7_train'
 '8_val' '8_train' '9_train' '9_val' '10_train' '10_val' '11_train'
 '11_val' '12_train' '12_val' '13_train' '13_val' '14_val' '14_train'
 '15_train' '15_val' '16_train' '17_train' '18_train' '19_train'
 '20_train' '21_train' '22_train' '23_train' '24_train']
Sessions kept: ['0_train', '1_train', '2_train', '3_train', '4_train', '5_train', '6_train', '7_train', '8_train', '9_train', '10_train', '11_train', '12_train', '13_train', '14_train', '15_train', '16_train', '17_train', '18_train', '19_train', '20_train', '21_train']
Training on 22 sessions...
Train X shape (2043, 46, 487)
Val X shape (238, 46, 487)
Session IDs Val: ['0_val' '1_val' '2_val' '3_val' '4_val' '5_val' '6_val' '7_val' '8_val'
 '9_val' '10_val' '11_val' '12_val' '13_val' '14_val' '15_val']
Final preds length 793066 793066
Train X shape (2043, 46, 487)
Val X shape (238, 46, 487)
Session IDs Val: ['0_val' '1_val' '2_val' '3_val' '4_val' '5_val' '6_val' '7_val' '8_val'
 '9_val' '10_val' '11_val' '12_val' '13_val' '14_val' '15_val']
Final preds length 793066 793066
Train X shape (2043, 46, 487)
Val X shape (238, 46, 487)
Session IDs Val: ['0_val' '1_val' '2_val' '3_val' '4_val' '5_val' '6_val' '7_val' '8_val'
 '9_val' '10_val' '11_val' '12_val' '13_val' '14_val' '15_val']
Final preds length 793066 793066
Train X shape (2043, 46, 487)
Val X shape (238, 46, 487)
Session IDs Val: ['0_val' '1_val' '2_val' '3_val' '4_val' '5_val' '6_val' '7_val' '8_val'
 '9_val' '10_val' '11_val' '12_val' '13_val' '14_val' '15_val']
Final preds length 793066 793066
	 [[0.8497060774260906, 0.8495018069114046, 0.8450179430211356, 0.8472825716901241], [0.8459661617065919, 0.84680594048919, 0.8479962575624223, 0.8468992492428121], [0.8469547301233441, 0.8458249376470559, 0.8504928971863628, 0.8443824347532236], [0.8483947111589704, 0.8478928613759763, 0.8438074510822554, 0.8441176396415935], [0.8430206313219832, 0.8446774921633257, 0.8454693556400098, 0.846291481415166], [0.8423800793376591, 0.8493479735608386, 0.8459535524155619, 0.8505836840817789], [0.8421405028080892, 0.8478222493462083, 0.8476406755553763, 0.8435199592467714], [0.8384283275288563, 0.8480038231370403, 0.8472876154065362, 0.8507097769920788], [0.8405542539965148, 0.8425137378225772, 0.8474540580481322, 0.8478298149208262], [0.8496304216799107, 0.8444253063427256, 0.8483493177112623, 0.836758857396484], [0.8330290291098092, 0.841890838845695, 0.8357652452633199, 0.8459989458632698], [0.8346278872124135, 0.841504994540177, 0.8413486393314049, 0.8388620871402884]]
Original sessions: ['0_val' '0_train' '1_val' '1_train' '2_train' '2_val' '3_val' '3_train'
 '4_val' '4_train' '5_train' '5_val' '6_val' '6_train' '7_val' '7_train'
 '8_val' '8_train' '9_train' '9_val' '10_train' '10_val' '11_train'
 '11_val' '12_train' '12_val' '13_train' '13_val' '14_val' '14_train'
 '15_train' '15_val' '16_train' '17_train' '18_train' '19_train'
 '20_train' '21_train']
Sessions kept: ['0_train', '1_train', '2_train', '3_train', '4_train', '5_train', '6_train', '7_train', '8_train', '9_train', '10_train', '11_train', '12_train', '13_train', '14_train', '15_train', '16_train', '17_train', '18_train']
Training on 19 sessions...
Train X shape (1831, 46, 487)
Val X shape (238, 46, 487)
Session IDs Val: ['0_val' '1_val' '2_val' '3_val' '4_val' '5_val' '6_val' '7_val' '8_val'
 '9_val' '10_val' '11_val' '12_val' '13_val' '14_val' '15_val']
Final preds length 793066 793066
Train X shape (1831, 46, 487)
Val X shape (238, 46, 487)
Session IDs Val: ['0_val' '1_val' '2_val' '3_val' '4_val' '5_val' '6_val' '7_val' '8_val'
 '9_val' '10_val' '11_val' '12_val' '13_val' '14_val' '15_val']
Final preds length 793066 793066
Train X shape (1831, 46, 487)
Val X shape (238, 46, 487)
Session IDs Val: ['0_val' '1_val' '2_val' '3_val' '4_val' '5_val' '6_val' '7_val' '8_val'
 '9_val' '10_val' '11_val' '12_val' '13_val' '14_val' '15_val']
Final preds length 793066 793066
Train X shape (1831, 46, 487)
Val X shape (238, 46, 487)
Session IDs Val: ['0_val' '1_val' '2_val' '3_val' '4_val' '5_val' '6_val' '7_val' '8_val'
 '9_val' '10_val' '11_val' '12_val' '13_val' '14_val' '15_val']
Final preds length 793066 793066
	 [[0.8497060774260906, 0.8495018069114046, 0.8450179430211356, 0.8472825716901241], [0.8459661617065919, 0.84680594048919, 0.8479962575624223, 0.8468992492428121], [0.8469547301233441, 0.8458249376470559, 0.8504928971863628, 0.8443824347532236], [0.8483947111589704, 0.8478928613759763, 0.8438074510822554, 0.8441176396415935], [0.8430206313219832, 0.8446774921633257, 0.8454693556400098, 0.846291481415166], [0.8423800793376591, 0.8493479735608386, 0.8459535524155619, 0.8505836840817789], [0.8421405028080892, 0.8478222493462083, 0.8476406755553763, 0.8435199592467714], [0.8384283275288563, 0.8480038231370403, 0.8472876154065362, 0.8507097769920788], [0.8405542539965148, 0.8425137378225772, 0.8474540580481322, 0.8478298149208262], [0.8496304216799107, 0.8444253063427256, 0.8483493177112623, 0.836758857396484], [0.8330290291098092, 0.841890838845695, 0.8357652452633199, 0.8459989458632698], [0.8346278872124135, 0.841504994540177, 0.8413486393314049, 0.8388620871402884], [0.8386351199017484, 0.841976582024699, 0.841343595614993, 0.8385468548645384]]
Original sessions: ['0_val' '0_train' '1_val' '1_train' '2_train' '2_val' '3_val' '3_train'
 '4_val' '4_train' '5_train' '5_val' '6_val' '6_train' '7_val' '7_train'
 '8_val' '8_train' '9_train' '9_val' '10_train' '10_val' '11_train'
 '11_val' '12_train' '12_val' '13_train' '13_val' '14_val' '14_train'
 '15_train' '15_val' '16_train' '17_train' '18_train']
Sessions kept: ['0_train', '1_train', '2_train', '3_train', '4_train', '5_train', '6_train', '7_train', '8_train', '9_train', '10_train', '11_train', '12_train', '13_train', '14_train', '15_train']
Training on 16 sessions...
Train X shape (1558, 46, 487)
Val X shape (238, 46, 487)
Session IDs Val: ['0_val' '1_val' '2_val' '3_val' '4_val' '5_val' '6_val' '7_val' '8_val'
 '9_val' '10_val' '11_val' '12_val' '13_val' '14_val' '15_val']
Final preds length 793066 793066
Train X shape (1558, 46, 487)
Val X shape (238, 46, 487)
Session IDs Val: ['0_val' '1_val' '2_val' '3_val' '4_val' '5_val' '6_val' '7_val' '8_val'
 '9_val' '10_val' '11_val' '12_val' '13_val' '14_val' '15_val']
Final preds length 793066 793066
Train X shape (1558, 46, 487)
Val X shape (238, 46, 487)
Session IDs Val: ['0_val' '1_val' '2_val' '3_val' '4_val' '5_val' '6_val' '7_val' '8_val'
 '9_val' '10_val' '11_val' '12_val' '13_val' '14_val' '15_val']
Final preds length 793066 793066
Train X shape (1558, 46, 487)
Val X shape (238, 46, 487)
Session IDs Val: ['0_val' '1_val' '2_val' '3_val' '4_val' '5_val' '6_val' '7_val' '8_val'
 '9_val' '10_val' '11_val' '12_val' '13_val' '14_val' '15_val']
Final preds length 793066 793066
	 [[0.8497060774260906, 0.8495018069114046, 0.8450179430211356, 0.8472825716901241], [0.8459661617065919, 0.84680594048919, 0.8479962575624223, 0.8468992492428121], [0.8469547301233441, 0.8458249376470559, 0.8504928971863628, 0.8443824347532236], [0.8483947111589704, 0.8478928613759763, 0.8438074510822554, 0.8441176396415935], [0.8430206313219832, 0.8446774921633257, 0.8454693556400098, 0.846291481415166], [0.8423800793376591, 0.8493479735608386, 0.8459535524155619, 0.8505836840817789], [0.8421405028080892, 0.8478222493462083, 0.8476406755553763, 0.8435199592467714], [0.8384283275288563, 0.8480038231370403, 0.8472876154065362, 0.8507097769920788], [0.8405542539965148, 0.8425137378225772, 0.8474540580481322, 0.8478298149208262], [0.8496304216799107, 0.8444253063427256, 0.8483493177112623, 0.836758857396484], [0.8330290291098092, 0.841890838845695, 0.8357652452633199, 0.8459989458632698], [0.8346278872124135, 0.841504994540177, 0.8413486393314049, 0.8388620871402884], [0.8386351199017484, 0.841976582024699, 0.841343595614993, 0.8385468548645384], [0.8445110495217296, 0.8405038168323948, 0.8382669286036724, 0.8327364935579132]]
Original sessions: ['0_val' '0_train' '1_val' '1_train' '2_train' '2_val' '3_val' '3_train'
 '4_val' '4_train' '5_train' '5_val' '6_val' '6_train' '7_val' '7_train'
 '8_val' '8_train' '9_train' '9_val' '10_train' '10_val' '11_train'
 '11_val' '12_train' '12_val' '13_train' '13_val' '14_val' '14_train'
 '15_train' '15_val']
Sessions kept: ['0_train', '1_train', '2_train', '3_train', '4_train', '5_train', '6_train', '7_train', '8_train', '9_train', '10_train', '11_train', '12_train']
Training on 13 sessions...
Train X shape (1321, 46, 487)
Val X shape (238, 46, 487)
Session IDs Val: ['0_val' '1_val' '2_val' '3_val' '4_val' '5_val' '6_val' '7_val' '8_val'
 '9_val' '10_val' '11_val' '12_val' '13_val' '14_val' '15_val']
Final preds length 793066 793066
Train X shape (1321, 46, 487)
Val X shape (238, 46, 487)
Session IDs Val: ['0_val' '1_val' '2_val' '3_val' '4_val' '5_val' '6_val' '7_val' '8_val'
 '9_val' '10_val' '11_val' '12_val' '13_val' '14_val' '15_val']
Final preds length 793066 793066
Train X shape (1321, 46, 487)
Val X shape (238, 46, 487)
Session IDs Val: ['0_val' '1_val' '2_val' '3_val' '4_val' '5_val' '6_val' '7_val' '8_val'
 '9_val' '10_val' '11_val' '12_val' '13_val' '14_val' '15_val']
Final preds length 793066 793066
Train X shape (1321, 46, 487)
Val X shape (238, 46, 487)
Session IDs Val: ['0_val' '1_val' '2_val' '3_val' '4_val' '5_val' '6_val' '7_val' '8_val'
 '9_val' '10_val' '11_val' '12_val' '13_val' '14_val' '15_val']
Final preds length 793066 793066
	 [[0.8497060774260906, 0.8495018069114046, 0.8450179430211356, 0.8472825716901241], [0.8459661617065919, 0.84680594048919, 0.8479962575624223, 0.8468992492428121], [0.8469547301233441, 0.8458249376470559, 0.8504928971863628, 0.8443824347532236], [0.8483947111589704, 0.8478928613759763, 0.8438074510822554, 0.8441176396415935], [0.8430206313219832, 0.8446774921633257, 0.8454693556400098, 0.846291481415166], [0.8423800793376591, 0.8493479735608386, 0.8459535524155619, 0.8505836840817789], [0.8421405028080892, 0.8478222493462083, 0.8476406755553763, 0.8435199592467714], [0.8384283275288563, 0.8480038231370403, 0.8472876154065362, 0.8507097769920788], [0.8405542539965148, 0.8425137378225772, 0.8474540580481322, 0.8478298149208262], [0.8496304216799107, 0.8444253063427256, 0.8483493177112623, 0.836758857396484], [0.8330290291098092, 0.841890838845695, 0.8357652452633199, 0.8459989458632698], [0.8346278872124135, 0.841504994540177, 0.8413486393314049, 0.8388620871402884], [0.8386351199017484, 0.841976582024699, 0.841343595614993, 0.8385468548645384], [0.8445110495217296, 0.8405038168323948, 0.8382669286036724, 0.8327364935579132], [0.8358686414497658, 0.8250246511639636, 0.8334249608481513, 0.8354424474129517]]
Original sessions: ['0_val' '0_train' '1_val' '1_train' '2_train' '2_val' '3_val' '3_train'
 '4_val' '4_train' '5_train' '5_val' '6_val' '6_train' '7_val' '7_train'
 '8_val' '8_train' '9_train' '9_val' '10_train' '10_val' '11_train'
 '11_val' '12_train' '12_val' '13_val' '14_val' '15_val']
Sessions kept: ['0_train', '1_train', '2_train', '3_train', '4_train', '5_train', '6_train', '7_train', '8_train', '9_train']
Training on 10 sessions...
Train X shape (1109, 46, 487)
Val X shape (238, 46, 487)
Session IDs Val: ['0_val' '1_val' '2_val' '3_val' '4_val' '5_val' '6_val' '7_val' '8_val'
 '9_val' '10_val' '11_val' '12_val' '13_val' '14_val' '15_val']
Final preds length 793066 793066
Train X shape (1109, 46, 487)
Val X shape (238, 46, 487)
Session IDs Val: ['0_val' '1_val' '2_val' '3_val' '4_val' '5_val' '6_val' '7_val' '8_val'
 '9_val' '10_val' '11_val' '12_val' '13_val' '14_val' '15_val']
Final preds length 793066 793066
Train X shape (1109, 46, 487)
Val X shape (238, 46, 487)
Session IDs Val: ['0_val' '1_val' '2_val' '3_val' '4_val' '5_val' '6_val' '7_val' '8_val'
 '9_val' '10_val' '11_val' '12_val' '13_val' '14_val' '15_val']
Final preds length 793066 793066
Train X shape (1109, 46, 487)
Val X shape (238, 46, 487)
Session IDs Val: ['0_val' '1_val' '2_val' '3_val' '4_val' '5_val' '6_val' '7_val' '8_val'
 '9_val' '10_val' '11_val' '12_val' '13_val' '14_val' '15_val']
Final preds length 793066 793066
	 [[0.8497060774260906, 0.8495018069114046, 0.8450179430211356, 0.8472825716901241], [0.8459661617065919, 0.84680594048919, 0.8479962575624223, 0.8468992492428121], [0.8469547301233441, 0.8458249376470559, 0.8504928971863628, 0.8443824347532236], [0.8483947111589704, 0.8478928613759763, 0.8438074510822554, 0.8441176396415935], [0.8430206313219832, 0.8446774921633257, 0.8454693556400098, 0.846291481415166], [0.8423800793376591, 0.8493479735608386, 0.8459535524155619, 0.8505836840817789], [0.8421405028080892, 0.8478222493462083, 0.8476406755553763, 0.8435199592467714], [0.8384283275288563, 0.8480038231370403, 0.8472876154065362, 0.8507097769920788], [0.8405542539965148, 0.8425137378225772, 0.8474540580481322, 0.8478298149208262], [0.8496304216799107, 0.8444253063427256, 0.8483493177112623, 0.836758857396484], [0.8330290291098092, 0.841890838845695, 0.8357652452633199, 0.8459989458632698], [0.8346278872124135, 0.841504994540177, 0.8413486393314049, 0.8388620871402884], [0.8386351199017484, 0.841976582024699, 0.841343595614993, 0.8385468548645384], [0.8445110495217296, 0.8405038168323948, 0.8382669286036724, 0.8327364935579132], [0.8358686414497658, 0.8250246511639636, 0.8334249608481513, 0.8354424474129517], [0.836461278128176, 0.8385342455735084, 0.8369959120678481, 0.8380475269397503]]
Original sessions: ['0_val' '0_train' '1_val' '1_train' '2_train' '2_val' '3_val' '3_train'
 '4_val' '4_train' '5_train' '5_val' '6_val' '6_train' '7_val' '7_train'
 '8_val' '8_train' '9_train' '9_val' '10_val' '11_val' '12_val' '13_val'
 '14_val' '15_val']
Sessions kept: ['0_train', '1_train', '2_train', '3_train', '4_train', '5_train', '6_train']
Training on 7 sessions...
Train X shape (752, 46, 487)
Val X shape (238, 46, 487)
Session IDs Val: ['0_val' '1_val' '2_val' '3_val' '4_val' '5_val' '6_val' '7_val' '8_val'
 '9_val' '10_val' '11_val' '12_val' '13_val' '14_val' '15_val']
Final preds length 793066 793066
Train X shape (752, 46, 487)
Val X shape (238, 46, 487)
Session IDs Val: ['0_val' '1_val' '2_val' '3_val' '4_val' '5_val' '6_val' '7_val' '8_val'
 '9_val' '10_val' '11_val' '12_val' '13_val' '14_val' '15_val']
Final preds length 793066 793066
Train X shape (752, 46, 487)
Val X shape (238, 46, 487)
Session IDs Val: ['0_val' '1_val' '2_val' '3_val' '4_val' '5_val' '6_val' '7_val' '8_val'
 '9_val' '10_val' '11_val' '12_val' '13_val' '14_val' '15_val']
Final preds length 793066 793066
Train X shape (752, 46, 487)
Val X shape (238, 46, 487)
Session IDs Val: ['0_val' '1_val' '2_val' '3_val' '4_val' '5_val' '6_val' '7_val' '8_val'
 '9_val' '10_val' '11_val' '12_val' '13_val' '14_val' '15_val']
Final preds length 793066 793066
	 [[0.8497060774260906, 0.8495018069114046, 0.8450179430211356, 0.8472825716901241], [0.8459661617065919, 0.84680594048919, 0.8479962575624223, 0.8468992492428121], [0.8469547301233441, 0.8458249376470559, 0.8504928971863628, 0.8443824347532236], [0.8483947111589704, 0.8478928613759763, 0.8438074510822554, 0.8441176396415935], [0.8430206313219832, 0.8446774921633257, 0.8454693556400098, 0.846291481415166], [0.8423800793376591, 0.8493479735608386, 0.8459535524155619, 0.8505836840817789], [0.8421405028080892, 0.8478222493462083, 0.8476406755553763, 0.8435199592467714], [0.8384283275288563, 0.8480038231370403, 0.8472876154065362, 0.8507097769920788], [0.8405542539965148, 0.8425137378225772, 0.8474540580481322, 0.8478298149208262], [0.8496304216799107, 0.8444253063427256, 0.8483493177112623, 0.836758857396484], [0.8330290291098092, 0.841890838845695, 0.8357652452633199, 0.8459989458632698], [0.8346278872124135, 0.841504994540177, 0.8413486393314049, 0.8388620871402884], [0.8386351199017484, 0.841976582024699, 0.841343595614993, 0.8385468548645384], [0.8445110495217296, 0.8405038168323948, 0.8382669286036724, 0.8327364935579132], [0.8358686414497658, 0.8250246511639636, 0.8334249608481513, 0.8354424474129517], [0.836461278128176, 0.8385342455735084, 0.8369959120678481, 0.8380475269397503], [0.8296900888450646, 0.8159409179059498, 0.8299120123671927, 0.8419740601664931]]
Original sessions: ['0_val' '0_train' '1_val' '1_train' '2_train' '2_val' '3_val' '3_train'
 '4_val' '4_train' '5_train' '5_val' '6_val' '6_train' '7_val' '8_val'
 '9_val' '10_val' '11_val' '12_val' '13_val' '14_val' '15_val']
Sessions kept: ['0_train', '1_train', '2_train', '3_train']
Training on 4 sessions...
Train X shape (462, 46, 487)
Val X shape (238, 46, 487)
Session IDs Val: ['0_val' '1_val' '2_val' '3_val' '4_val' '5_val' '6_val' '7_val' '8_val'
 '9_val' '10_val' '11_val' '12_val' '13_val' '14_val' '15_val']
Final preds length 793066 793066
Train X shape (462, 46, 487)
Val X shape (238, 46, 487)
Session IDs Val: ['0_val' '1_val' '2_val' '3_val' '4_val' '5_val' '6_val' '7_val' '8_val'
 '9_val' '10_val' '11_val' '12_val' '13_val' '14_val' '15_val']
Final preds length 793066 793066
Train X shape (462, 46, 487)
Val X shape (238, 46, 487)
Session IDs Val: ['0_val' '1_val' '2_val' '3_val' '4_val' '5_val' '6_val' '7_val' '8_val'
 '9_val' '10_val' '11_val' '12_val' '13_val' '14_val' '15_val']
Final preds length 793066 793066
Train X shape (462, 46, 487)
Val X shape (238, 46, 487)
Session IDs Val: ['0_val' '1_val' '2_val' '3_val' '4_val' '5_val' '6_val' '7_val' '8_val'
 '9_val' '10_val' '11_val' '12_val' '13_val' '14_val' '15_val']
Final preds length 793066 793066
	 [[0.8497060774260906, 0.8495018069114046, 0.8450179430211356, 0.8472825716901241], [0.8459661617065919, 0.84680594048919, 0.8479962575624223, 0.8468992492428121], [0.8469547301233441, 0.8458249376470559, 0.8504928971863628, 0.8443824347532236], [0.8483947111589704, 0.8478928613759763, 0.8438074510822554, 0.8441176396415935], [0.8430206313219832, 0.8446774921633257, 0.8454693556400098, 0.846291481415166], [0.8423800793376591, 0.8493479735608386, 0.8459535524155619, 0.8505836840817789], [0.8421405028080892, 0.8478222493462083, 0.8476406755553763, 0.8435199592467714], [0.8384283275288563, 0.8480038231370403, 0.8472876154065362, 0.8507097769920788], [0.8405542539965148, 0.8425137378225772, 0.8474540580481322, 0.8478298149208262], [0.8496304216799107, 0.8444253063427256, 0.8483493177112623, 0.836758857396484], [0.8330290291098092, 0.841890838845695, 0.8357652452633199, 0.8459989458632698], [0.8346278872124135, 0.841504994540177, 0.8413486393314049, 0.8388620871402884], [0.8386351199017484, 0.841976582024699, 0.841343595614993, 0.8385468548645384], [0.8445110495217296, 0.8405038168323948, 0.8382669286036724, 0.8327364935579132], [0.8358686414497658, 0.8250246511639636, 0.8334249608481513, 0.8354424474129517], [0.836461278128176, 0.8385342455735084, 0.8369959120678481, 0.8380475269397503], [0.8296900888450646, 0.8159409179059498, 0.8299120123671927, 0.8419740601664931], [0.8183896422239764, 0.81647050812921, 0.8144656308554395, 0.8087208378621704]]
Original sessions: ['0_val' '0_train' '1_val' '1_train' '2_train' '2_val' '3_val' '3_train'
 '4_val' '5_val' '6_val' '7_val' '8_val' '9_val' '10_val' '11_val'
 '12_val' '13_val' '14_val' '15_val']
Sessions kept: ['0_train']
Training on 1 sessions...
Train X shape (92, 46, 487)
Val X shape (238, 46, 487)
Session IDs Val: ['0_val' '1_val' '2_val' '3_val' '4_val' '5_val' '6_val' '7_val' '8_val'
 '9_val' '10_val' '11_val' '12_val' '13_val' '14_val' '15_val']
Final preds length 793066 793066
Train X shape (92, 46, 487)
Val X shape (238, 46, 487)
Session IDs Val: ['0_val' '1_val' '2_val' '3_val' '4_val' '5_val' '6_val' '7_val' '8_val'
 '9_val' '10_val' '11_val' '12_val' '13_val' '14_val' '15_val']
Final preds length 793066 793066
Train X shape (92, 46, 487)
Val X shape (238, 46, 487)
Session IDs Val: ['0_val' '1_val' '2_val' '3_val' '4_val' '5_val' '6_val' '7_val' '8_val'
 '9_val' '10_val' '11_val' '12_val' '13_val' '14_val' '15_val']
Final preds length 793066 793066
Train X shape (92, 46, 487)
Val X shape (238, 46, 487)
Session IDs Val: ['0_val' '1_val' '2_val' '3_val' '4_val' '5_val' '6_val' '7_val' '8_val'
 '9_val' '10_val' '11_val' '12_val' '13_val' '14_val' '15_val']
Final preds length 793066 793066
	 [[0.8497060774260906, 0.8495018069114046, 0.8450179430211356, 0.8472825716901241], [0.8459661617065919, 0.84680594048919, 0.8479962575624223, 0.8468992492428121], [0.8469547301233441, 0.8458249376470559, 0.8504928971863628, 0.8443824347532236], [0.8483947111589704, 0.8478928613759763, 0.8438074510822554, 0.8441176396415935], [0.8430206313219832, 0.8446774921633257, 0.8454693556400098, 0.846291481415166], [0.8423800793376591, 0.8493479735608386, 0.8459535524155619, 0.8505836840817789], [0.8421405028080892, 0.8478222493462083, 0.8476406755553763, 0.8435199592467714], [0.8384283275288563, 0.8480038231370403, 0.8472876154065362, 0.8507097769920788], [0.8405542539965148, 0.8425137378225772, 0.8474540580481322, 0.8478298149208262], [0.8496304216799107, 0.8444253063427256, 0.8483493177112623, 0.836758857396484], [0.8330290291098092, 0.841890838845695, 0.8357652452633199, 0.8459989458632698], [0.8346278872124135, 0.841504994540177, 0.8413486393314049, 0.8388620871402884], [0.8386351199017484, 0.841976582024699, 0.841343595614993, 0.8385468548645384], [0.8445110495217296, 0.8405038168323948, 0.8382669286036724, 0.8327364935579132], [0.8358686414497658, 0.8250246511639636, 0.8334249608481513, 0.8354424474129517], [0.836461278128176, 0.8385342455735084, 0.8369959120678481, 0.8380475269397503], [0.8296900888450646, 0.8159409179059498, 0.8299120123671927, 0.8419740601664931], [0.8183896422239764, 0.81647050812921, 0.8144656308554395, 0.8087208378621704], [0.762038720610895, 0.7520597276897509, 0.713170152295017, 0.7318495560268629]]


Mean Scores: [0.73977954 0.81451165 0.82937927 0.83750974 0.83244018 0.83900457
 0.84012554 0.8390859  0.83917101 0.84479098 0.84458797 0.84610739
 0.84528085 0.84706632 0.84486474 0.84605317 0.84691375 0.8469169
 0.8478771 ]
